Active-HDL 9.3.2744.4995  2014-02-12 10:22:02

Elaboration top modules:
Architecture                  fan_tb(fan_tb)


-------------------------------------------------------------------------------------------
Entity    | Architecture | Library | Info | Compiler Version         | Compilation Options
-------------------------------------------------------------------------------------------
fan_tb    | fan_tb       | work    |      | 9.3.2744.4995  (Windows) | -relax -O3
fan_stim  | fan_stim     | work    |      | 9.3.2744.4995  (Windows) | -relax -O3
PWM_GEN_3 | pwm_gen      | work    |      | 9.3.2744.4995  (Windows) | -relax -O3
FAN_CTRL  | fan_ctrl     | work    |      | 9.3.2744.4995  (Windows) | -relax -O3
gh_PWM    | a            | work    |      | 9.3.2744.4995  (Windows) | -relax -O3
-------------------------------------------------------------------------------------------

-------------------------------------------------------------------------------------------
VHDL Package             | Library | Info | Compiler Version         | Compilation Options
-------------------------------------------------------------------------------------------
standard                 | std     |      |                          | 
TEXTIO                   | std     |      | 9.3.2744.4995  (Windows) |  -2008
std_logic_1164           | ieee    |      | 9.3.2744.4995  (Windows) |  -2008
NUMERIC_STD              | ieee    |      | 9.3.2744.4995  (Windows) |  -2008
std_logic_arith          | ieee    |      | 9.3.2744.4995  (Windows) | 
STD_LOGIC_UNSIGNED       | ieee    |      | 9.3.2744.4995  (Windows) | 
TEL2000                  | work    |      | 9.3.2744.4995  (Windows) | -relax -O3
-------------------------------------------------------------------------------------------

-------------------------------------------------------------------------------------------
Library                  | Comment
-------------------------------------------------------------------------------------------
ieee                     | Standard IEEE packages library
std                      | Standard VHDL library
work                     | None
-------------------------------------------------------------------------------------------


Simulation Options: asim -ses +access +r fan_tb


The performance of simulation is reduced. Version PE
